[debug] [2021-04-24T17:24:23.795Z] ----------------------------------------------------------------------
[debug] [2021-04-24T17:24:23.803Z] Command:       /usr/local/bin/firebase /home/rahul9d/.cache/firebase/tools/lib/node_modules/firebase-tools/lib/bin/firebase init
[debug] [2021-04-24T17:24:23.804Z] CLI Version:   9.10.0
[debug] [2021-04-24T17:24:23.804Z] Platform:      linux
[debug] [2021-04-24T17:24:23.804Z] Node Version:  v12.18.1
[debug] [2021-04-24T17:24:23.806Z] Time:          Sat Apr 24 2021 22:54:23 GMT+0530 (India Standard Time)
[debug] [2021-04-24T17:24:23.807Z] ----------------------------------------------------------------------
[debug] 
[debug] [2021-04-24T17:24:23.823Z] > command requires scopes: ["email","openid","https://www.googleapis.com/auth/cloudplatformprojects.readonly","https://www.googleapis.com/auth/firebase","https://www.googleapis.com/auth/cloud-platform"]
[debug] [2021-04-24T17:24:23.823Z] > authorizing via signed-in user (rahvlrawat@gmail.com)
[info] 
     ######## #### ########  ######## ########     ###     ######  ########
     ##        ##  ##     ## ##       ##     ##  ##   ##  ##       ##
     ######    ##  ########  ######   ########  #########  ######  ######
     ##        ##  ##    ##  ##       ##     ## ##     ##       ## ##
     ##       #### ##     ## ######## ########  ##     ##  ######  ########

You're about to initialize a Firebase project in this directory:

  /mnt/a/Projects/Netclone/netclone

Before we get started, keep in mind:

  * You are currently outside your home directory
  * You are initializing in an existing Firebase project directory

[info] 
=== Project Setup
[info] 
[info] First, let's associate this project directory with a Firebase project.
[info] You can create multiple project aliases by running firebase use --add, 
[info] but for now we'll just set up a default project.
[info] 
[info] i  .firebaserc already has a default project, using clone-2f45e. 
[debug] [2021-04-24T17:24:27.251Z] > refreshing access token with scopes: []
[debug] [2021-04-24T17:24:27.252Z] >>> HTTP REQUEST POST https://www.googleapis.com/oauth2/v3/token  
 <request body omitted>
[debug] [2021-04-24T17:24:27.934Z] <<< HTTP RESPONSE 200 {"pragma":"no-cache","expires":"Mon, 01 Jan 1990 00:00:00 GMT","cache-control":"no-cache, no-store, max-age=0, must-revalidate","date":"Sat, 24 Apr 2021 17:24:28 GMT","content-type":"application/json; charset=utf-8","vary":"X-Origin, Referer, Origin,Accept-Encoding","server":"scaffolding on HTTPServer2","x-xss-protection":"0","x-frame-options":"SAMEORIGIN","x-content-type-options":"nosniff","alt-svc":"h3-29=\":443\"; ma=2592000,h3-T051=\":443\"; ma=2592000,h3-Q050=\":443\"; ma=2592000,h3-Q046=\":443\"; ma=2592000,h3-Q043=\":443\"; ma=2592000,quic=\":443\"; ma=2592000; v=\"46,43\"","accept-ranges":"none","transfer-encoding":"chunked"}
[debug] [2021-04-24T17:24:28.038Z] >>> [apiv2][query] GET https://firebase.googleapis.com/v1beta1/projects/clone-2f45e [none]
[debug] [2021-04-24T17:24:28.764Z] <<< [apiv2][status] GET https://firebase.googleapis.com/v1beta1/projects/clone-2f45e 200
[debug] [2021-04-24T17:24:28.764Z] <<< [apiv2][body] GET https://firebase.googleapis.com/v1beta1/projects/clone-2f45e {"projectId":"clone-2f45e","projectNumber":"578509496749","displayName":"youtube-clone","name":"projects/clone-2f45e","resources":{"hostingSite":"clone-2f45e"},"state":"DELETED"}
[info] 
=== Hosting Setup
[info] 
[info] Your public directory is the folder (relative to your project directory) that
[info] will contain Hosting assets to be uploaded with firebase deploy. If you
[info] have a build process for your assets, use your build's output directory.
[info] 
[debug] [2021-04-24T17:26:46.137Z] ----------------------------------------------------------------------
[debug] [2021-04-24T17:26:46.145Z] Command:       /usr/local/bin/firebase /home/rahul9d/.cache/firebase/tools/lib/node_modules/firebase-tools/lib/bin/firebase init
[debug] [2021-04-24T17:26:46.146Z] CLI Version:   9.10.0
[debug] [2021-04-24T17:26:46.146Z] Platform:      linux
[debug] [2021-04-24T17:26:46.146Z] Node Version:  v12.18.1
[debug] [2021-04-24T17:26:46.148Z] Time:          Sat Apr 24 2021 22:56:46 GMT+0530 (India Standard Time)
[debug] [2021-04-24T17:26:46.149Z] ----------------------------------------------------------------------
[debug] 
[debug] [2021-04-24T17:26:46.165Z] > command requires scopes: ["email","openid","https://www.googleapis.com/auth/cloudplatformprojects.readonly","https://www.googleapis.com/auth/firebase","https://www.googleapis.com/auth/cloud-platform"]
[debug] [2021-04-24T17:26:46.165Z] > authorizing via signed-in user (rahvlrawat@gmail.com)
[info] 
     ######## #### ########  ######## ########     ###     ######  ########
     ##        ##  ##     ## ##       ##     ##  ##   ##  ##       ##
     ######    ##  ########  ######   ########  #########  ######  ######
     ##        ##  ##    ##  ##       ##     ## ##     ##       ## ##
     ##       #### ##     ## ######## ########  ##     ##  ######  ########

You're about to initialize a Firebase project in this directory:

  /mnt/a/Projects/Netclone/netclone

Before we get started, keep in mind:

  * You are currently outside your home directory
  * You are initializing in an existing Firebase project directory

[info] 
=== Project Setup
[info] 
[info] First, let's associate this project directory with a Firebase project.
[info] You can create multiple project aliases by running firebase use --add, 
[info] but for now we'll just set up a default project.
[info] 
[info] i  .firebaserc already has a default project, using clone-2f45e. 
[debug] [2021-04-24T17:26:54.827Z] >>> [apiv2][query] GET https://firebase.googleapis.com/v1beta1/projects/clone-2f45e [none]
[debug] [2021-04-24T17:26:55.658Z] <<< [apiv2][status] GET https://firebase.googleapis.com/v1beta1/projects/clone-2f45e 200
[debug] [2021-04-24T17:26:55.659Z] <<< [apiv2][body] GET https://firebase.googleapis.com/v1beta1/projects/clone-2f45e {"projectId":"clone-2f45e","projectNumber":"578509496749","displayName":"youtube-clone","name":"projects/clone-2f45e","resources":{"hostingSite":"clone-2f45e"},"state":"DELETED"}
[info] 
=== Hosting Setup
[info] 
[info] Your public directory is the folder (relative to your project directory) that
[info] will contain Hosting assets to be uploaded with firebase deploy. If you
[info] have a build process for your assets, use your build's output directory.
[info] 
